mode: set
url_shortener/internal/service/service.go:22.66,24.2 1 1
url_shortener/internal/service/service.go:26.75,27.19 1 1
url_shortener/internal/service/service.go:27.19,30.3 2 1
url_shortener/internal/service/service.go:32.2,34.11 2 1
url_shortener/internal/service/service.go:34.11,37.3 2 1
url_shortener/internal/service/service.go:39.2,44.38 4 1
url_shortener/internal/service/service.go:44.38,47.3 2 1
url_shortener/internal/service/service.go:49.2,50.16 2 1
url_shortener/internal/service/service.go:50.16,52.3 1 1
url_shortener/internal/service/service.go:54.2,54.19 1 1
url_shortener/internal/service/service.go:57.77,59.16 2 1
url_shortener/internal/service/service.go:59.16,61.3 1 1
url_shortener/internal/service/service.go:63.2,63.17 1 1
url_shortener/internal/service/utils.go:15.29,18.19 2 1
url_shortener/internal/service/utils.go:18.19,20.3 1 1
url_shortener/internal/service/utils.go:22.2,22.18 1 1
url_shortener/internal/service/utils.go:25.41,27.16 2 1
url_shortener/internal/service/utils.go:27.16,29.3 1 1
url_shortener/internal/service/utils.go:30.2,30.13 1 1
