mode: set
url_shortener/internal/service/service.go:22.66,24.2 1 1
url_shortener/internal/service/service.go:26.75,27.19 1 1
url_shortener/internal/service/service.go:27.19,30.3 2 1
url_shortener/internal/service/service.go:32.2,32.34 1 1
url_shortener/internal/service/service.go:32.34,35.3 2 1
url_shortener/internal/service/service.go:37.2,42.38 4 1
url_shortener/internal/service/service.go:42.38,45.3 2 1
url_shortener/internal/service/service.go:47.2,48.16 2 1
url_shortener/internal/service/service.go:48.16,50.3 1 1
url_shortener/internal/service/service.go:52.2,52.19 1 1
url_shortener/internal/service/service.go:55.77,57.16 2 1
url_shortener/internal/service/service.go:57.16,59.3 1 1
url_shortener/internal/service/service.go:61.2,61.17 1 1
url_shortener/internal/service/utils.go:12.29,15.19 2 1
url_shortener/internal/service/utils.go:15.19,17.3 1 1
url_shortener/internal/service/utils.go:19.2,19.18 1 1
url_shortener/internal/service/utils.go:22.41,24.16 2 1
url_shortener/internal/service/utils.go:24.16,26.3 1 1
url_shortener/internal/service/utils.go:27.2,27.13 1 1
